<?xml version="1.0" encoding="UTF-8"?>
<testng-results ignored="0" total="1" passed="1" failed="0" skipped="0">
  <reporter-output>
  </reporter-output>
  <suite started-at="2022-02-25T12:02:52 IST" name="Master Framework" finished-at="2022-02-25T12:02:52 IST" duration-ms="56">
    <groups>
    </groups>
    <test started-at="2022-02-25T12:02:52 IST" name="Unit Tests" finished-at="2022-02-25T12:02:52 IST" duration-ms="56">
      <class name="org.wipro.auspost.testcases.SanityTest">
        <test-method signature="sanityTest()[pri:0, instance:org.wipro.auspost.testcases.SanityTest@4802796d]" started-at="2022-02-25T12:02:52 IST" name="sanityTest" finished-at="2022-02-25T12:02:52 IST" duration-ms="40" status="PASS">
          <reporter-output>
          </reporter-output>
        </test-method> <!-- sanityTest -->
      </class> <!-- org.wipro.auspost.testcases.SanityTest -->
    </test> <!-- Unit Tests -->
  </suite> <!-- Master Framework -->
</testng-results>
