<?xml version="1.0" encoding="UTF-8"?>
<testng-results ignored="0" total="3" passed="3" failed="0" skipped="0">
  <reporter-output>
  </reporter-output>
  <suite started-at="2022-02-28T19:05:15 IST" name="Master Framework" finished-at="2022-02-28T19:06:01 IST" duration-ms="46457">
    <groups>
    </groups>
    <test started-at="2022-02-28T19:05:15 IST" name="Unit Tests" finished-at="2022-02-28T19:06:01 IST" duration-ms="46457">
      <class name="org.wipro.auspost.testcases.SanityTest">
        <test-method signature="chromeTest()[pri:0, instance:org.wipro.auspost.testcases.SanityTest@4a7f959b]" started-at="2022-02-28T19:05:15 IST" name="chromeTest" finished-at="2022-02-28T19:05:31 IST" duration-ms="16249" status="PASS">
          <reporter-output>
          </reporter-output>
        </test-method> <!-- chromeTest -->
        <test-method signature="edgeTest()[pri:0, instance:org.wipro.auspost.testcases.SanityTest@4a7f959b]" started-at="2022-02-28T19:05:31 IST" name="edgeTest" finished-at="2022-02-28T19:05:39 IST" duration-ms="8034" status="PASS">
          <reporter-output>
          </reporter-output>
        </test-method> <!-- edgeTest -->
        <test-method signature="firefoxTest()[pri:0, instance:org.wipro.auspost.testcases.SanityTest@4a7f959b]" started-at="2022-02-28T19:05:39 IST" name="firefoxTest" finished-at="2022-02-28T19:06:01 IST" duration-ms="22148" status="PASS">
          <reporter-output>
          </reporter-output>
        </test-method> <!-- firefoxTest -->
      </class> <!-- org.wipro.auspost.testcases.SanityTest -->
    </test> <!-- Unit Tests -->
  </suite> <!-- Master Framework -->
</testng-results>
