<?xml version="1.0" encoding="UTF-8"?>
<testsuite xmlns:xsi="http://www.w3.org/2001/XMLSchema-instance" xsi:noNamespaceSchemaLocation="https://maven.apache.org/surefire/maven-surefire-plugin/xsd/surefire-test-report-3.0.xsd" version="3.0" name="TestSuite" time="49.08" tests="3" errors="0" skipped="0" failures="0">
  <properties>
[...]
</properties>
  <testcase name="chromeTest" classname="org.wipro.auspost.testcases.SanityTest" time="16.26">
    <system-out><![CDATA[My Browser:CHROME
]]></system-out>
    <system-err><![CDATA[SLF4J: Failed to load class "org.slf4j.impl.StaticLoggerBinder".
SLF4J: Defaulting to no-operation (NOP) logger implementation
SLF4J: See http://www.slf4j.org/codes.html#StaticLoggerBinder for further details.
Starting ChromeDriver 98.0.4758.102 (273bf7ac8c909cde36982d27f66f3c70846a3718-refs/branch-heads/4758@{#1151}) on port 55360
Only local connections are allowed.
Please see https://chromedriver.chromium.org/security-considerations for suggestions on keeping ChromeDriver safe.
ChromeDriver was started successfully.
Feb 28, 2022 7:05:29 PM org.openqa.selenium.remote.ProtocolHandshake createSession
INFO: Detected dialect: W3C
Feb 28, 2022 7:05:29 PM org.openqa.selenium.devtools.CdpVersionFinder findNearestMatch
WARNING: Unable to find an exact match for CDP version 98, so returning the closest version found: 97
Feb 28, 2022 7:05:29 PM org.openqa.selenium.devtools.CdpVersionFinder findNearestMatch
INFO: Found CDP implementation for version 98 of 97
]]></system-err>
  </testcase>
  <testcase name="edgeTest" classname="org.wipro.auspost.testcases.SanityTest" time="8.026">
    <system-out><![CDATA[My Browser:EDGE
]]></system-out>
    <system-err><![CDATA[Starting MSEdgeDriver 98.0.1108.62 (86b4ba0c0a320a2c0c88adba983ad3b5ce15710f) on port 52207
Only local connections are allowed.
Please see https://chromedriver.chromium.org/security-considerations for suggestions on keeping MSEdgeDriver safe.
MSEdgeDriver was started successfully.
Feb 28, 2022 7:05:36 PM org.openqa.selenium.remote.ProtocolHandshake createSession
INFO: Detected dialect: W3C
Feb 28, 2022 7:05:36 PM org.openqa.selenium.devtools.CdpVersionFinder findNearestMatch
WARNING: Unable to find an exact match for CDP version 98, so returning the closest version found: 97
Feb 28, 2022 7:05:36 PM org.openqa.selenium.devtools.CdpVersionFinder findNearestMatch
INFO: Found CDP implementation for version 98 of 97
]]></system-err>
  </testcase>
  <testcase name="firefoxTest" classname="org.wipro.auspost.testcases.SanityTest" time="22.143">
    <system-out><![CDATA[My Browser:FIREFOX
]]></system-out>
    <system-err><![CDATA[1646055341481	geckodriver	INFO	Listening on 127.0.0.1:64850
1646055341838	mozrunner::runner	INFO	Running command: "C:\\Program Files\\Mozilla Firefox\\firefox.exe" "--marionette" "--remote-debugging-port" "65286" "-no-remote" "-profile" "C:\\Users\\VI20300045\\AppData\\Local\\Temp\\rust_mozprofile9lSIMD"
console.error: Enterprise Policies: 
  Policy SearchEngines is only allowed on ESR
1646055342902	Marionette	INFO	Marionette enabled
console.warn: SearchSettings: "get: No settings file exists, new profile?" (new NotFoundError("Could not open the file at C:\\Users\\VI20300045\\AppData\\Local\\Temp\\rust_mozprofile9lSIMD\\search.json.mozlz4", (void 0)))
DevTools listening on ws://localhost:65286/devtools/browser/2cc2a8d4-5bcb-4760-b13c-55e6d220abf5
1646055345502	Marionette	INFO	Listening on port 63698
console.error: Region.jsm: "Error fetching region" (new Error("TIMEOUT", "resource://gre/modules/Region.jsm", 772))
console.error: Region.jsm: "Failed to fetch region" (new Error("TIMEOUT", "resource://gre/modules/Region.jsm", 419))
1646055351812	RemoteAgent	WARN	TLS certificate errors will be ignored for this session
Feb 28, 2022 7:05:52 PM org.openqa.selenium.remote.ProtocolHandshake createSession
INFO: Detected dialect: W3C
1646055360663	Marionette	INFO	Stopped listening on port 63698

###!!! [Parent][RunMessage] Error: Channel closing: too late to send/recv, messages will be lost

]]></system-err>
  </testcase>
</testsuite>