<?xml version="1.0" encoding="UTF-8"?>
<!-- Generated by org.testng.reporters.JUnitXMLReporter -->
<testsuite ignored="0" hostname="L-158041108" failures="0" tests="3" name="Unit Tests" time="46.457" errors="0" timestamp="2022-02-28T19:06:01 IST">
  <testcase classname="org.wipro.auspost.testcases.SanityTest" name="chromeTest" time="16.249"/>
  <testcase classname="org.wipro.auspost.testcases.SanityTest" name="edgeTest" time="8.034"/>
  <testcase classname="org.wipro.auspost.testcases.SanityTest" name="firefoxTest" time="22.148"/>
</testsuite> <!-- Unit Tests -->
